750
1
28
120
638
325
644
9
22
181
254
196
100
74
12 368
299
934 957
109
251
567
13
485
596
416
332
387
3
576
62
0 375
81
364
179
194
467
228
87
211
38
203
21
860
5
652
645
35
358
233
545 675
77
806 866
658
88 273
301
272
314
4
167
799
265
70
154
483
946 967
98
140
789 858
39
828 876
14
206 471
187
550
125
24
260
92
514
222
480
604
11
298
19
391
241
329
347
893
626
629
812
729
746
106
600 721
197
60
759 840
113
287
606
230
497
275
34
433
41
605
516
268
435
677
802
139
928 956
313
472
261
924
89
300
393
225
836
277
361
778
286
7
614
176
979 984
654
460
784
224 492
370
23
663
870
882 885
728
202
468
216
560
771
709 818
107
162 163
83
659 794
45
974 982
189
724
201
121
190 469
430
333
710 825
178
279
145
247
255
855
25
602
636 770
103
294
673 800
73
743
532
149
546
404
723
499
731 834
462
707
509
557
910 937
50
479
296
166
504
732
283
660 795
90
816 872
63
505
302
367
997
588
985 993
768
601 726
208
852
878
829
529 665
500
647
561
535 670
320
913
589 714
354
990 995
205
945 965
193
994
141
118 238
312
803
451
406
210
245
148
411
940 958
439
348
551
493
826
901 920
267
457
463
727
613
752 838
311
980 988
362
160 165
48
688
258
683 805
508
539
423
111
899
239
635 769
29
676 801
110
157 168
43
86 424
874
403 583
933
356
334
506
55 392
346
151 173
776
671
328
867
520
618 744
217
127
793 861
284
631 758
757
745
220
152 454
16
577 697
851
599 716
219
278
927 953
369
94 263
642
156 169
136
155 171
352
761
998
512 661
281
450
598 715
112
54 388
554
630 753
890
359 562
142
153 172
442
78
811
15 365
706
888
702
648
292
335 544
574
807
214 475
381
848
150 182
374
82 414
349
783 856
484 625
305
79 413
436
584
412
18 355
379
632 760
519
235
105 249
565
750 837
786
871 881
680
399 582
704
174
476 624
212
147 183
240
30 344
389
32 339
530
968 977
611
741
634 765
502
623
397
950
889
316
736
488
264 513
192
146 188
159
578 701
976
144 195
377
781 847
597
608 740
830
594
712
431
138 198
536
309
637 774
668 797
610
824 873
839
95 262
486
137 199
999 996
738
134 200
739
487 643
779
963
720 833
209
777
916 947
591
964
815
466 622
641
992
981 991
17
133 204
669
865
343 553
378
568 695
926
754
603 735
164
130 226
541
942
185 465
756
464 620
556
923
323
129 227
877
892 903
918 949
725
907
31 341
755
184
126 231
616
75
124 234
897 912
477
559
531
131 447
128 444
633 763
842
123 236
936
678
747
445 617
489
291 522
788 857
429
773 846
507
427 609
533
742
951
570
218 481
315
398 581
628 751
935
96 259
921
809
587 711
961 973
713
306 525
884 894
441
775
906
115 242
679
819
385 572
791
114 243
787
223 490
446
395 579
792
390 573
360
473
108 244
905
102 250
911 943
845
101 252
762 841
396
324 537
730
64 405
510 657
682
909 932
161 458
919 952
880
922
432 615
53 386
558 686
672
99 256
229
47 327
274
93 266
555
91 270
177
749 835
425
868 879
941 960
904 930
667
80 285
627
849
552 684
859
40 336
232
76 288
650
72 289
782 853
850
898 915
685 808
831
498 653
869
67 290
456
257 511
820
864
65 297
896
527 664
586 705
417 585
708
886
215 478
449 619
453
61 304
271 518
666 796
419 595
310 528
822
52 307
10 371
421
700 817
895
27 345
303
51 318
917
49 321
717 832
698 813
887
253 503
191 470
331 543
607 737
827
44 330
384 571
295 524
66 407
400
36 338
97 426
20 353
798 862
785
26 350
523 662
246 495
962
719
440
8 372
143 452
526
939
6 373
71 410
116 437
767
2 376
319
37 382
693
46 383
580 703
84 415
363 563
170
57 394
69 409
221 482
844
823
58 401
718
59 402
68 408
85 422
972
104 434
569
117 438
119 443
158 455
175 459
180 461
237 494
418 590
207 474
248 501
337 547
269 517
969
280 521
954
322 534
902 929
366 566
428 612
821
496 651
975
542 674
538
548 681
733
564 689
722
978
696 810
699 814
351
883 891
989
987
986
983
971
970
575
966
959
955
948
944
938
931
925
914
908
900
875
863
854
843
804
790
780
772
766
764
748
734
694
692
691
690
687
656
655
649
646
640
639
621
593
592
549
540
515
491
448
420
380
357
342
340
326
317
308
293
282
276
213
186
135
132
122
56
42
33
