750
180 147
551
652
745
596
436
752 61
555
902 810
391
567
364
453
99 977
182 798
570
157 585
507
583 237
489
648
127
357
591
451
756
802
923
191 371
114 8
48
205
887
702
808 689
919 30
589 871
146 562
650
318 961
742
968 218
693
372 572
424 622
303
548 862
41
894 492
13
658
692
354
42
374
524 503
309
721 102
28
317
994
478 124
936
4
333
613
167
255
7
962
470 476
786
72 249
334
856 481
860
718
445 750
186
461 71
792
701 93
747
530
972
682
772
948
314
715 793
949 846
438 660
98
983
396
365 699
581 129
705 231
313
456
557
780
479
584
851
100
276
787
162 443
104 542
723
340
495 683
505
347
109
627
741
425
407 758
875
838 879
841 165
444 263
73
549
430
469 953
874
906
910 835
535 858
433
53 118
287
930 384
247
283
457
932 653
398 344
379
669
686 6
546
125
755
332
50
373 88
579 158
138 697
89
243 765
413 310
153 674
209
212
330 200
199 974
239
348
944
56
642
628 223
232
933
690
844
574
740 399
266 246
235
688
343 720
620 981
397
267
873 818
684 401
274
843
37 685
713
937 612
803
210
419 36
452 2
196
321 94
388 651
541
139
514
485
29
757
297 57
26 447
988 67
416
45
435
499
20 64
440
738
394 947
400
804
203
119 465
729
166
339 608
817 242
378
597
273 27
122
116 952
178
31 794
370
850
603 84
282
880
547 664
960 117
55 984
899
202
19
654
733
668 816
722
500
922
278
929 909
423
708
229
526
533
216
797 615
601 901
617 185
177
559
993 717
519
998
868 774
987
213
790
392 270
515
837 434
431
78
602
75
421
149
256 353
904 108
305
292
17
408 695
454 386
491
576
208
90
324 513
784
241
592
250 123
211
525 51
83
958 744
49 44
52 437
312
59 304
575
666 982
163 415
847 295
963
101 599
15 590
999 726
448
5
980 455
775
544 573
594
121
550
707
308
417 290
58 432
854
819
175 696
950
956 137
855
227 661
262 522
809
913
389
737 359
867
878
486
801 824
799
358
226 350
68 331
506
315
849
532
746
494 383
54 338
319
483
895
475 86
346
420
900
743
931
130 813
543 698
606
995 770
327 884
939
450
767
727
951
228
11
776
521 523
554
462
911 428
829
92
103
414 665
298
446
748
296
539
253 368
268
881 234
233
337 65
959
336 501
842
728
261
498 511
815
896
316
917
156 587
540
823
704
277
630 537
921
381
595 195
145
610
326
260
393
154
710 996
281
311
142
761
429
254
341 150
687
279
141
488
670 18
626
759 151
876 990
831
285 482
645
110
395 985
97 238
502
190 731
969
807
616
87
886
751 215
872 866
512 903
160 91
329
753 552
890
439
791
771
24
265
563 280
586 934
928 422
604
325
349
161 198
845
779
113
560
504
406
441
464 940
174
736
571 657
588
997
673 553
531
286
527 322
633 991
629
300
474 709
954
655
187
711 832
77
957 825
739
240
945 143
251
566 40
404
920 840
46 376
964
460
23
471 496
135
259 675
480
164
577 783
204 69
39
387
189
136
468
662 769
411
528 291
641
3
33
593
320
607 214
706
81
323
459 965
826
206 529
614
328
509
634 306
869
892 79
719
680
852
32 967
458 133
870
656
766
646
257 762
864
647
877
1
193
112
712
941 833
176
236 409
25
768
159
863
361
442
173 134
128 912
219
955
22
580 264
975
230
172 85
942
672
848
764
369
885 248
9
973 927
466 221
493
66 631
640
777
649
907
976
821
0 402
449 410
463
299
724
565
556
272
183 582
335 676
508
35
781 883
289 564
836
132
834 510
293
681 76
638
181
194
179
12 375
703 126
678
301
467
217
859
490 534
635 897
667
47 10
605
637 80
986
643 96
691
812
663
598 918
536
207 188
288 155
385 484
403 244
356
497
412
225
111
258
865
609 788
694
351
926
700 796
82 659
978
294
201
377
992
671
935
925
271 545
782 366
269 749
220
140
171 915
760 95
362
914
908
355 716
284
811
624 517
302
644
735 345
197
989
21
632 636
970
568 144
857 518
107
477
380
971
730
561
168 427
778
916 426
418 714
830
472
43
763 979
520
623
16
679
891 252
625 619
382 487
115 390
38
905
611
822
363 105
806 558
725
889
74
275
754
893
473
734
888
62
538
360
732
34
639
800 943
352
131 773
245
839
307 828
120
785
148
569
152 224
14
677
342
367
600 946
966
60
516
169 405
853 882
222
827
938
924
184
898 789
578 618
192
820
814 861
70
170
63
106
621
805 795
