750
1
28
872 873
896
19
298
11
510 511
6 8
666 668
509
557
644
309
536
147 150
88 91
401 402
313
472
261
924
89
300
973 977
393
225
179
191 195
861 866
134 137
376 382
421
125
72 76
553 617
552 562
49 51
816 817
101 102
272
609 612
333
430
387
138 143
14
115 117
216
160 163
468
202
599 600
329
241
391
908
712
622 624
226 231
162 165
437 438
677
144 146
813 814
936
481 482
664 665
894 911
250 252
92
260
24
761
22
775
441
242 243
676 681
721 726
371 372
287
113
494 495
583 585
899
386 414
416
750 751
840 846
939
5
652
645
856 862
20 26
581 582
366 368
183 185
38
731 735
104 105
40 44
168 169
454 455
788 789
981 982
744 749
991 993
145
768
153 157
344 345
234 236
262 263
200 204
715 716
688
48
779
995 996
752 753
217
127
97 99
550
139
928 929
67 68
488
301
736
211
87
940 943
114 155
257 259
707
853 858
409 410
196
436
413 417
269 273
383 384
9
60
197
654
109
820
181
254
277
361
778
286
78
442
765 769
610
118 119
203
21
860
83
248 249
717 720
209
777
148
245
210
406
446
388 392
407 408
297 304
937 949
638
120
889
285 288
93 94
878
829
16
471 475
255
247
671
700 701
17
3
576
760 763
670 673
912 916
327 330
394 395
95 96
852
208
36 37
497
341 343
281
228
328
795 796
443 444
463
457
267
692
103
984 985
275
34
314
4
167
799
265
70
154
483
818 824
173 175
198 199
427 428
355 359
815
467
194
63
505
302
367
997
289 290
496 498
460
35
358
233
544 545
174
704
279
892 898
491
131 133
564 566
825 828
500
647
561
25
602
29
881 882
251
636 637
283
732
615 619
450
81
373 375
469 474
52 53
121
201
724
189
123 124
530
90
525 529
299
419 422
972
930 932
23
567
596
485
13
606
230
73
800 801
43
424 426
274
62
0 2
458 459
239
180 182
834 835
177
270 307
723
499
532
149
546
404
237 238
319
220
745
451
770 773
193
994
141
661 662
551
348
439
923
461 464
206 207
507
350 353
913
320
338 339
389
41
433
605
964
591
512 513
192
178
839
31 32
151 152
558 563
423
756
618 620
837 841
847 857
484 487
161 224
540
346
50
479
296
166
504
728
533
742
951
570
7
614
176
79 80
470 527
278
219
741
611
187
774 781
111
129 130
453
240
630 631
890
493
826
100
74
112
132
276
42
758 762
906
164
759 838
311
445 447
755
184
515
364
473
360
572 573
902 903
709 710
432 434
398 399
680
56
98
140
46 47
797 798
64 66
730
39
876 879
786
703 705
306 318
480
222
514
869
653 657
59 65
476 478
45
793 794
106
746
170
268
435
232
336 337
962
648
292
213
77
805 806
305
323
952 956
403 405
885 891
431
508
539
832 833
159
370
69 71
722
978
737 740
597
33
477
559
531
108 116
947 953
369
486
317
229
253 256
312
803
764
669
865
965 974
887
629
542 543
579 580
855
490 492
223 227
877
501 503
584
412
15 18
347
893
626
75
616
971
205
374
82 84
588
415 418
696 697
851
27 30
303
282
456
294
517 518
554
186
352
171 172
291 295
316
284
334
356
933
142
362
988 990
489
110
293
400
961 967
935
315
218 221
502
623
397
950
235
519
379
679
819
381
848
785
897 901
729
812
349
528 534
188 190
378
689 695
586 587
808 810
310 321
875
214 215
538
122
804
827
516
271 280
377
425
342
649
565
411
396
136
639
594
830
326
429
462
385 390
57 58
674 675
521 522
625 628
921
809
711 714
663
604
713
526
212
107
258
351
357
787
560
771
325
555
332
354
718
126 128
264 266
975
85 86
880
922
520
867
767
802
575
970
541
942
465 466
593
725
907
244 246
627
849
656
621
678
747
440
719
574
807
549
646
766
784
754
926
568 571
523 524
601 603
613
727
682
448
914
959
556
733
667
904 909
687
683 684
702
888
706
836
979 980
592
842
790
690
945 946
363 365
322 324
772
859
340
739
920 927
918 919
506
992
641
308
960 968
54 55
864
998
650
569
845
757
883 884
685 686
831
672
658
691
135
850
791
957 958
420
934 941
156 158
694
854
999 61
655
776
643 651
910 915
589 590
821
640
905
738
634 635
780
955
10 12
449 452
989
870
547 548
843
811
874
917
642
863
693
987
925
938
380
708
886
954
743
931
792
969
844
823
948
986
535 537
963
595 598
607 608
331 335
659 660
944
895
734
748
822
900
966
983
976
577 578
632 633
698 699
782 783
868 871
